
> vibe-generated-app@1.0.0 dev
> vite


  VITE v5.4.20  ready in 253 ms

  ➜  Local:   http://localhost:3000/
  ➜  Network: http://172.20.6.172:3000/
6:23:05 PM [vite] Pre-transform error: Failed to resolve import "./components/CartContext" from "src/App.jsx". Does the file exist?
6:23:05 PM [vite] Pre-transform error: Failed to resolve import "./CartContext" from "src/components/ProductGrid.jsx". Does the file exist?
6:23:06 PM [vite] Internal server error: Failed to resolve import "./components/CartContext" from "src/App.jsx". Does the file exist?
  Plugin: vite:import-analysis
  File: /home/workspace/src/App.jsx:6:29
  5  |  import ProductGrid from "./components/ProductGrid";
  6  |  import Footer from "./components/Footer";
  7  |  import { CartProvider } from "./components/CartContext";
     |                                ^
  8  |  function App() {
  9  |    return /* @__PURE__ */ jsxDEV(CartProvider, { children: /* @__PURE__ */ jsxDEV("div", { className: "min-h-screen bg-white text-slate-900", children: [
      at TransformPluginContext._formatError (file:///home/workspace/node_modules/vite/dist/node/chunks/dep-D_zLpgQd.js:49258:41)
      at TransformPluginContext.error (file:///home/workspace/node_modules/vite/dist/node/chunks/dep-D_zLpgQd.js:49253:16)
      at normalizeUrl (file:///home/workspace/node_modules/vite/dist/node/chunks/dep-D_zLpgQd.js:64306:23)
      at process.processTicksAndRejections (node:internal/process/task_queues:105:5)
      at async file:///home/workspace/node_modules/vite/dist/node/chunks/dep-D_zLpgQd.js:64438:39
      at async Promise.all (index 6)
      at async TransformPluginContext.transform (file:///home/workspace/node_modules/vite/dist/node/chunks/dep-D_zLpgQd.js:64365:7)
      at async PluginContainer.transform (file:///home/workspace/node_modules/vite/dist/node/chunks/dep-D_zLpgQd.js:49099:18)
      at async loadAndTransform (file:///home/workspace/node_modules/vite/dist/node/chunks/dep-D_zLpgQd.js:51977:27)
      at async viteTransformMiddleware (file:///home/workspace/node_modules/vite/dist/node/chunks/dep-D_zLpgQd.js:62105:24)
6:23:06 PM [vite] Pre-transform error: Failed to resolve import "./CartContext" from "src/components/ProductGrid.jsx". Does the file exist?
